Start testing: Jun 03 00:39 IST
----------------------------------------------------------
1/5 Testing: pulsebook_test_wire_market_data
1/5 Test: pulsebook_test_wire_market_data
Command: "/home/shiv/Order Book/build-frame/pulsebook_test_wire_market_data"
Directory: /home/shiv/Order Book/build-frame
"pulsebook_test_wire_market_data" start time: Jun 03 00:39 IST
Output:
----------------------------------------------------------
<end of output>
Test time =   0.00 sec
----------------------------------------------------------
Test Passed.
"pulsebook_test_wire_market_data" end time: Jun 03 00:39 IST
"pulsebook_test_wire_market_data" time elapsed: 00:00:00
----------------------------------------------------------

2/5 Testing: pulsebook_test_wire_order
2/5 Test: pulsebook_test_wire_order
Command: "/home/shiv/Order Book/build-frame/pulsebook_test_wire_order"
Directory: /home/shiv/Order Book/build-frame
"pulsebook_test_wire_order" start time: Jun 03 00:39 IST
Output:
----------------------------------------------------------
<end of output>
Test time =   0.00 sec
----------------------------------------------------------
Test Passed.
"pulsebook_test_wire_order" end time: Jun 03 00:39 IST
"pulsebook_test_wire_order" time elapsed: 00:00:00
----------------------------------------------------------

3/5 Testing: pulsebook_test_wire_invalid_packet
3/5 Test: pulsebook_test_wire_invalid_packet
Command: "/home/shiv/Order Book/build-frame/pulsebook_test_wire_invalid_packet"
Directory: /home/shiv/Order Book/build-frame
"pulsebook_test_wire_invalid_packet" start time: Jun 03 00:39 IST
Output:
----------------------------------------------------------
<end of output>
Test time =   0.00 sec
----------------------------------------------------------
Test Passed.
"pulsebook_test_wire_invalid_packet" end time: Jun 03 00:39 IST
"pulsebook_test_wire_invalid_packet" time elapsed: 00:00:00
----------------------------------------------------------

4/5 Testing: pulsebook_test_ethernet_market_frame
4/5 Test: pulsebook_test_ethernet_market_frame
Command: "/home/shiv/Order Book/build-frame/pulsebook_test_ethernet_market_frame"
Directory: /home/shiv/Order Book/build-frame
"pulsebook_test_ethernet_market_frame" start time: Jun 03 00:39 IST
Output:
----------------------------------------------------------
<end of output>
Test time =   0.00 sec
----------------------------------------------------------
Test Passed.
"pulsebook_test_ethernet_market_frame" end time: Jun 03 00:39 IST
"pulsebook_test_ethernet_market_frame" time elapsed: 00:00:00
----------------------------------------------------------

5/5 Testing: pulsebook_test_ethernet_order_frame
5/5 Test: pulsebook_test_ethernet_order_frame
Command: "/home/shiv/Order Book/build-frame/pulsebook_test_ethernet_order_frame"
Directory: /home/shiv/Order Book/build-frame
"pulsebook_test_ethernet_order_frame" start time: Jun 03 00:39 IST
Output:
----------------------------------------------------------
<end of output>
Test time =   0.00 sec
----------------------------------------------------------
Test Passed.
"pulsebook_test_ethernet_order_frame" end time: Jun 03 00:39 IST
"pulsebook_test_ethernet_order_frame" time elapsed: 00:00:00
----------------------------------------------------------

End testing: Jun 03 00:39 IST
