Start testing: Jun 03 00:32 IST
----------------------------------------------------------
1/3 Testing: pulsebook_test_wire_market_data
1/3 Test: pulsebook_test_wire_market_data
Command: "/home/shiv/Order Book/build-wire/pulsebook_test_wire_market_data"
Directory: /home/shiv/Order Book/build-wire
"pulsebook_test_wire_market_data" start time: Jun 03 00:32 IST
Output:
----------------------------------------------------------
<end of output>
Test time =   0.00 sec
----------------------------------------------------------
Test Passed.
"pulsebook_test_wire_market_data" end time: Jun 03 00:32 IST
"pulsebook_test_wire_market_data" time elapsed: 00:00:00
----------------------------------------------------------

2/3 Testing: pulsebook_test_wire_order
2/3 Test: pulsebook_test_wire_order
Command: "/home/shiv/Order Book/build-wire/pulsebook_test_wire_order"
Directory: /home/shiv/Order Book/build-wire
"pulsebook_test_wire_order" start time: Jun 03 00:32 IST
Output:
----------------------------------------------------------
<end of output>
Test time =   0.00 sec
----------------------------------------------------------
Test Passed.
"pulsebook_test_wire_order" end time: Jun 03 00:32 IST
"pulsebook_test_wire_order" time elapsed: 00:00:00
----------------------------------------------------------

3/3 Testing: pulsebook_test_wire_invalid_packet
3/3 Test: pulsebook_test_wire_invalid_packet
Command: "/home/shiv/Order Book/build-wire/pulsebook_test_wire_invalid_packet"
Directory: /home/shiv/Order Book/build-wire
"pulsebook_test_wire_invalid_packet" start time: Jun 03 00:32 IST
Output:
----------------------------------------------------------
<end of output>
Test time =   0.00 sec
----------------------------------------------------------
Test Passed.
"pulsebook_test_wire_invalid_packet" end time: Jun 03 00:32 IST
"pulsebook_test_wire_invalid_packet" time elapsed: 00:00:00
----------------------------------------------------------

End testing: Jun 03 00:32 IST
